<?xml version="1.0" encoding="UTF-8"?>
<testng-results ignored="0" total="1" passed="1" failed="0" skipped="0">
  <reporter-output>
  </reporter-output>
  <suite started-at="2023-09-23T16:16:58 IST" name="Default suite" finished-at="2023-09-23T16:17:07 IST" duration-ms="9394">
    <groups>
    </groups>
    <test started-at="2023-09-23T16:16:58 IST" name="Default test" finished-at="2023-09-23T16:17:07 IST" duration-ms="9394">
      <class name="Qa.testcases.LoginPage">
        <test-method signature="verifyLoginWithValidCredentials()[pri:0, instance:Qa.testcases.LoginPage@689604d9]" started-at="2023-09-23T16:16:58 IST" name="verifyLoginWithValidCredentials" finished-at="2023-09-23T16:17:07 IST" duration-ms="9289" status="PASS">
          <reporter-output>
          </reporter-output>
        </test-method> <!-- verifyLoginWithValidCredentials -->
      </class> <!-- Qa.testcases.LoginPage -->
    </test> <!-- Default test -->
  </suite> <!-- Default suite -->
</testng-results>
